[15:20:44] === 第 1/6 轮 ===
[15:20:44] 步骤1: 识别图片...
[15:20:44] 步骤1: 截图尺寸=(743, 945, 3), 模板尺寸=(47, 66, 3)
[15:20:44] 步骤1: 找到 1 个匹配
[15:20:44] 步骤1: 点击第1个匹配 (277, 382) 置信度=1.00
[15:20:44] 步骤2: 识别图片...
[15:20:44] 步骤2: 截图尺寸=(743, 945, 3), 模板尺寸=(67, 96, 3)
[15:20:44] 步骤2: 未找到匹配，继续等待...
[15:20:44] 步骤2: 识别图片...
[15:20:44] 步骤2: 截图尺寸=(743, 945, 3), 模板尺寸=(67, 96, 3)
[15:20:44] 步骤2: 未找到匹配，继续等待...
[15:20:44] 步骤2: 识别图片...
[15:20:45] 步骤2: 截图尺寸=(743, 945, 3), 模板尺寸=(67, 96, 3)
[15:20:45] 步骤2: 找到 1 个匹配
[15:20:45] 步骤2: 点击第1个匹配 (465, 526) 置信度=0.89
[15:20:45] === 第 2/6 轮 ===
[15:20:45] 步骤1: 识别图片...
[15:20:45] 步骤1: 截图尺寸=(743, 945, 3), 模板尺寸=(47, 66, 3)
[15:20:45] 步骤1: 找到 1 个匹配
[15:20:45] 步骤1: 点击第1个匹配 (277, 632) 置信度=1.00
[15:20:45] 步骤2: 识别图片...
[15:20:45] 步骤2: 截图尺寸=(743, 945, 3), 模板尺寸=(67, 96, 3)
[15:20:46] 步骤2: 找到 1 个匹配
[15:20:46] 步骤2: 点击第1个匹配 (465, 524) 置信度=0.88
[15:20:46] === 第 3/6 轮 ===
[15:20:46] 步骤1: 识别图片...
[15:20:46] 步骤1: 截图尺寸=(743, 945, 3), 模板尺寸=(47, 66, 3)
[15:20:46] 步骤1: 所有匹配目标已点击过，跳过
[15:20:46] 步骤2: 识别图片...
[15:20:46] 步骤2: 截图尺寸=(743, 945, 3), 模板尺寸=(67, 96, 3)
[15:20:46] 步骤2: 上一步骤点击位置目标已消失，停止等待
[15:20:46] 调试截图已保存: C:\PictureRecognition\debug_screenshots\step2_152046_screenshot.png
[15:20:46] 步骤2未匹配，跳过
[15:20:46] === 第 4/6 轮 ===
[15:20:46] 步骤1: 识别图片...
[15:20:46] 步骤1: 截图尺寸=(743, 945, 3), 模板尺寸=(47, 66, 3)
[15:20:46] 步骤1: 所有匹配目标已点击过，跳过
[15:20:46] 步骤2: 识别图片...
[15:20:46] 步骤2: 截图尺寸=(743, 945, 3), 模板尺寸=(67, 96, 3)
[15:20:46] 步骤2: 上一步骤点击位置目标已消失，停止等待
[15:20:46] 调试截图已保存: C:\PictureRecognition\debug_screenshots\step2_152046_screenshot.png
[15:20:46] 步骤2未匹配，跳过
[15:20:46] === 第 5/6 轮 ===
[15:20:46] 步骤1: 识别图片...
[15:20:46] 步骤1: 截图尺寸=(743, 945, 3), 模板尺寸=(47, 66, 3)
[15:20:47] 步骤1: 所有匹配目标已点击过，跳过
[15:20:47] 步骤2: 识别图片...
[15:20:47] 步骤2: 截图尺寸=(743, 945, 3), 模板尺寸=(67, 96, 3)
[15:20:47] 步骤2: 上一步骤点击位置目标已消失，停止等待
[15:20:47] 调试截图已保存: C:\PictureRecognition\debug_screenshots\step2_152047_screenshot.png
[15:20:47] 步骤2未匹配，跳过
[15:20:47] === 第 6/6 轮 ===
[15:20:47] 步骤1: 识别图片...
[15:20:47] 步骤1: 截图尺寸=(743, 945, 3), 模板尺寸=(47, 66, 3)
[15:20:47] 步骤1: 所有匹配目标已点击过，跳过
[15:20:47] 步骤2: 识别图片...
[15:20:47] 步骤2: 截图尺寸=(743, 945, 3), 模板尺寸=(67, 96, 3)
[15:20:47] 步骤2: 上一步骤点击位置目标已消失，停止等待
[15:20:47] 调试截图已保存: C:\PictureRecognition\debug_screenshots\step2_152047_screenshot.png
[15:20:47] 步骤2未匹配，跳过
[15:20:47] --- 完成度检查第 1 次 ---
[15:20:48] 发现 3 个遗漏目标，开始补漏
[15:20:48] 补漏: 点击遗漏目标第1个 (657, 382) 置信度=1.00
[15:20:48] 步骤2: 识别图片...
[15:20:48] 步骤2: 截图尺寸=(743, 945, 3), 模板尺寸=(67, 96, 3)
[15:20:48] 步骤2: 未找到匹配，继续等待...
[15:20:48] 步骤2: 识别图片...
[15:20:48] 步骤2: 截图尺寸=(743, 945, 3), 模板尺寸=(67, 96, 3)
[15:20:48] 步骤2: 未找到匹配，继续等待...
[15:20:48] 步骤2: 识别图片...
[15:20:48] 步骤2: 截图尺寸=(743, 945, 3), 模板尺寸=(67, 96, 3)
[15:20:48] 步骤2: 找到 1 个匹配
[15:20:48] 步骤2: 点击第1个匹配 (465, 526) 置信度=0.89
[15:20:49] 补漏: 点击遗漏目标第2个 (467, 632) 置信度=1.00
[15:20:49] 步骤2: 识别图片...
[15:20:49] 步骤2: 截图尺寸=(743, 945, 3), 模板尺寸=(67, 96, 3)
[15:20:49] 步骤2: 找到 1 个匹配
[15:20:49] 步骤2: 点击第1个匹配 (466, 531) 置信度=0.94
[15:20:49] 补漏: 点击遗漏目标第3个 (657, 632) 置信度=1.00
[15:20:49] 步骤2: 识别图片...
[15:20:49] 步骤2: 截图尺寸=(743, 945, 3), 模板尺寸=(67, 96, 3)
[15:20:49] 步骤2: 未找到匹配，继续等待...
[15:20:49] 步骤2: 识别图片...
[15:20:49] 步骤2: 截图尺寸=(743, 945, 3), 模板尺寸=(67, 96, 3)
[15:20:50] 步骤2: 上一步骤点击位置目标已消失，停止等待
[15:20:50] 调试截图已保存: C:\PictureRecognition\debug_screenshots\step2_152050_screenshot.png
[15:20:50] 补漏: 步骤2未匹配，跳过
[15:20:50] --- 完成度检查第 2 次 ---
[15:20:50] 发现 2 个遗漏目标，开始补漏
[15:20:50] 补漏: 点击遗漏目标第1个 (467, 382) 置信度=1.00
[15:20:50] 步骤2: 识别图片...
[15:20:50] 步骤2: 截图尺寸=(743, 945, 3), 模板尺寸=(67, 96, 3)
[15:20:51] 步骤2: 未找到匹配，继续等待...
[15:20:51] 步骤2: 识别图片...
[15:20:51] 步骤2: 截图尺寸=(743, 945, 3), 模板尺寸=(67, 96, 3)
[15:20:51] 步骤2: 找到 1 个匹配
[15:20:51] 步骤2: 点击第1个匹配 (465, 535) 置信度=0.96
[15:20:51] 补漏: 点击遗漏目标第2个 (467, 632) 置信度=1.00
[15:20:51] 步骤2: 识别图片...
[15:20:51] 步骤2: 截图尺寸=(743, 945, 3), 模板尺寸=(67, 96, 3)
[15:20:51] 步骤2: 找到 1 个匹配
[15:20:51] 步骤2: 点击第1个匹配 (465, 531) 置信度=0.86
[15:20:52] --- 完成度检查第 3 次 ---
[15:20:52] 发现 1 个遗漏目标，开始补漏
[15:20:52] 补漏: 点击遗漏目标第1个 (467, 632) 置信度=1.00
[15:20:52] 步骤2: 识别图片...
[15:20:52] 步骤2: 截图尺寸=(743, 945, 3), 模板尺寸=(67, 96, 3)
[15:20:52] 步骤2: 未找到匹配，继续等待...
[15:20:52] 步骤2: 识别图片...
[15:20:52] 步骤2: 截图尺寸=(743, 945, 3), 模板尺寸=(67, 96, 3)
[15:20:53] 步骤2: 找到 1 个匹配
[15:20:53] 步骤2: 点击第1个匹配 (465, 516) 置信度=0.94
[15:20:53] --- 完成度检查第 4 次 ---
[15:20:54] 完成度检查: 遗漏目标均已点击过
[15:20:54] 脚本执行完成
[15:23:55] === 第 1/6 轮 ===
[15:23:55] 步骤1: 识别图片...
[15:23:55] 步骤1: 截图尺寸=(743, 945, 3), 模板尺寸=(47, 66, 3)
[15:23:55] 步骤1: 找到 6 个匹配
[15:23:55] 步骤1: 点击第1个匹配 (277, 382) 置信度=1.00
[15:23:56] 步骤1: 点击第2个匹配 (467, 382) 置信度=1.00
[15:23:56] 步骤1: 点击第3个匹配 (657, 382) 置信度=1.00
[15:23:56] 步骤1: 点击第4个匹配 (277, 632) 置信度=1.00
[15:23:56] 步骤1: 点击第5个匹配 (467, 632) 置信度=1.00
[15:23:56] 步骤1: 点击第6个匹配 (657, 632) 置信度=1.00
[15:23:56] 步骤2: 识别图片...
[15:23:56] 步骤2: 截图尺寸=(743, 945, 3), 模板尺寸=(67, 96, 3)
[15:23:57] 步骤2: 找到 1 个匹配
[15:23:57] 步骤2: 点击第1个匹配 (465, 526) 置信度=0.89
[15:23:57] === 第 2/6 轮 ===
[15:23:57] 步骤1: 识别图片...
[15:23:57] 步骤1: 截图尺寸=(743, 945, 3), 模板尺寸=(47, 66, 3)
[15:23:57] 步骤1: 找到5个匹配，均已点击过，跳过
[15:23:57] 步骤2: 识别图片...
[15:23:57] 步骤2: 截图尺寸=(743, 945, 3), 模板尺寸=(67, 96, 3)
[15:23:57] 步骤2: 找到 1 个匹配
[15:23:57] 步骤2: 点击第1个匹配 (466, 530) 置信度=0.82
[15:23:57] === 第 3/6 轮 ===
[15:23:57] 步骤1: 识别图片...
[15:23:57] 步骤1: 截图尺寸=(743, 945, 3), 模板尺寸=(47, 66, 3)
[15:23:57] 步骤1: 找到5个匹配，均已点击过，跳过
[15:23:57] 步骤2: 识别图片...
[15:23:57] 步骤2: 截图尺寸=(743, 945, 3), 模板尺寸=(67, 96, 3)
[15:23:58] 步骤2: 上一步骤点击位置目标已消失，停止等待
[15:23:58] 调试截图已保存: C:\PictureRecognition\debug_screenshots\step2_152358_screenshot.png
[15:23:58] 步骤2未匹配，跳过
[15:23:58] === 第 4/6 轮 ===
[15:23:58] 步骤1: 识别图片...
[15:23:58] 步骤1: 截图尺寸=(743, 945, 3), 模板尺寸=(47, 66, 3)
[15:23:58] 步骤1: 找到4个匹配，均已点击过，跳过
[15:23:58] 步骤2: 识别图片...
[15:23:58] 步骤2: 截图尺寸=(743, 945, 3), 模板尺寸=(67, 96, 3)
[15:23:58] 步骤2: 上一步骤点击位置目标已消失，停止等待
[15:23:58] 调试截图已保存: C:\PictureRecognition\debug_screenshots\step2_152358_screenshot.png
[15:23:58] 步骤2未匹配，跳过
[15:23:58] === 第 5/6 轮 ===
[15:23:58] 步骤1: 识别图片...
[15:23:58] 步骤1: 截图尺寸=(743, 945, 3), 模板尺寸=(47, 66, 3)
[15:23:58] 步骤1: 找到4个匹配，均已点击过，跳过
[15:23:58] 步骤2: 识别图片...
[15:23:58] 步骤2: 截图尺寸=(743, 945, 3), 模板尺寸=(67, 96, 3)
[15:23:58] 步骤2: 上一步骤点击位置目标已消失，停止等待
[15:23:58] 调试截图已保存: C:\PictureRecognition\debug_screenshots\step2_152358_screenshot.png
[15:23:58] 步骤2未匹配，跳过
[15:23:58] === 第 6/6 轮 ===
[15:23:58] 步骤1: 识别图片...
[15:23:58] 步骤1: 截图尺寸=(743, 945, 3), 模板尺寸=(47, 66, 3)
[15:23:58] 步骤1: 找到4个匹配，均已点击过，跳过
[15:23:58] 步骤2: 识别图片...
[15:23:58] 步骤2: 截图尺寸=(743, 945, 3), 模板尺寸=(67, 96, 3)
[15:23:58] 步骤2: 上一步骤点击位置目标已消失，停止等待
[15:23:58] 调试截图已保存: C:\PictureRecognition\debug_screenshots\step2_152358_screenshot.png
[15:23:58] 步骤2未匹配，跳过
[15:23:59] --- 完成度检查第 1 次 ---
[15:23:59] 完成度检查: 遗漏目标均已点击过
[15:23:59] 脚本执行完成
[15:28:36] === 第 1/6 轮 ===
[15:28:36] 步骤1: 识别图片...
[15:28:36] 步骤1: 截图尺寸=(743, 945, 3), 模板尺寸=(47, 66, 3)
[15:28:36] 步骤1: 找到6个匹配，6个未点击，本轮处理1个
[15:28:36] 步骤1: 找到 1 个匹配
[15:28:36] 步骤1: 点击第1个匹配 (277, 382) 置信度=1.00
[15:28:36] 步骤2: 识别图片...
[15:28:37] 步骤2: 截图尺寸=(743, 945, 3), 模板尺寸=(67, 96, 3)
[15:28:37] 步骤2: 未找到匹配，继续等待...
[15:28:37] 步骤2: 识别图片...
[15:28:37] 步骤2: 截图尺寸=(743, 945, 3), 模板尺寸=(67, 96, 3)
[15:28:37] 步骤2: 找到 1 个匹配
[15:28:37] 步骤2: 点击第1个匹配 (465, 516) 置信度=0.94
[15:28:37] === 第 2/6 轮 ===
[15:28:37] 步骤1: 识别图片...
[15:28:37] 步骤1: 截图尺寸=(743, 945, 3), 模板尺寸=(47, 66, 3)
[15:28:37] 步骤1: 找到5个匹配，4个未点击，本轮处理1个
[15:28:37] 步骤1: 找到 1 个匹配
[15:28:37] 步骤1: 点击第1个匹配 (657, 382) 置信度=1.00
[15:28:37] 步骤2: 识别图片...
[15:28:37] 步骤2: 截图尺寸=(743, 945, 3), 模板尺寸=(67, 96, 3)
[15:28:38] 步骤2: 找到 1 个匹配
[15:28:38] 步骤2: 点击第1个匹配 (465, 524) 置信度=0.86
[15:28:38] === 第 3/6 轮 ===
[15:28:38] 步骤1: 识别图片...
[15:28:38] 步骤1: 截图尺寸=(743, 945, 3), 模板尺寸=(47, 66, 3)
[15:28:38] 步骤1: 找到5个匹配，4个未点击，本轮处理1个
[15:28:38] 步骤1: 找到 1 个匹配
[15:28:38] 步骤1: 点击第1个匹配 (467, 382) 置信度=1.00
[15:28:38] 步骤2: 识别图片...
[15:28:38] 步骤2: 截图尺寸=(743, 945, 3), 模板尺寸=(67, 96, 3)
[15:28:38] 步骤2: 未找到匹配，继续等待...
[15:28:38] 步骤2: 识别图片...
[15:28:38] 步骤2: 截图尺寸=(743, 945, 3), 模板尺寸=(67, 96, 3)
[15:28:39] 步骤2: 找到 1 个匹配
[15:28:39] 步骤2: 点击第1个匹配 (465, 516) 置信度=0.94
[15:28:39] === 第 4/6 轮 ===
[15:28:39] 步骤1: 识别图片...
[15:28:39] 步骤1: 截图尺寸=(743, 945, 3), 模板尺寸=(47, 66, 3)
[15:28:39] 步骤1: 找到4个匹配，3个未点击，本轮处理1个
[15:28:39] 步骤1: 找到 1 个匹配
[15:28:39] 步骤1: 点击第1个匹配 (277, 632) 置信度=1.00
[15:28:39] 步骤2: 识别图片...
[15:28:39] 步骤2: 截图尺寸=(743, 945, 3), 模板尺寸=(67, 96, 3)
[15:28:39] 步骤2: 找到 1 个匹配
[15:28:39] 步骤2: 点击第1个匹配 (465, 526) 置信度=0.92
[15:28:40] === 第 5/6 轮 ===
[15:28:40] 步骤1: 识别图片...
[15:28:40] 步骤1: 截图尺寸=(743, 945, 3), 模板尺寸=(47, 66, 3)
[15:28:40] 步骤1: 找到4个匹配，2个未点击，本轮处理1个
[15:28:40] 步骤1: 找到 1 个匹配
[15:28:40] 步骤1: 点击第1个匹配 (467, 632) 置信度=1.00
[15:28:40] 步骤2: 识别图片...
[15:28:40] 步骤2: 截图尺寸=(743, 945, 3), 模板尺寸=(67, 96, 3)
[15:28:40] 步骤2: 未找到匹配，继续等待...
[15:28:40] 步骤2: 识别图片...
[15:28:40] 步骤2: 截图尺寸=(743, 945, 3), 模板尺寸=(67, 96, 3)
[15:28:40] 步骤2: 找到 1 个匹配
[15:28:40] 步骤2: 点击第1个匹配 (465, 516) 置信度=0.94
[15:28:41] === 第 6/6 轮 ===
[15:28:41] 步骤1: 识别图片...
[15:28:41] 步骤1: 截图尺寸=(743, 945, 3), 模板尺寸=(47, 66, 3)
[15:28:41] 步骤1: 找到4个匹配，1个未点击，本轮处理1个
[15:28:41] 步骤1: 找到 1 个匹配
[15:28:41] 步骤1: 点击第1个匹配 (657, 632) 置信度=1.00
[15:28:41] 步骤2: 识别图片...
[15:28:41] 步骤2: 截图尺寸=(743, 945, 3), 模板尺寸=(67, 96, 3)
[15:28:41] 步骤2: 找到 1 个匹配
[15:28:41] 步骤2: 点击第1个匹配 (465, 523) 置信度=0.80
[15:28:42] --- 完成度检查第 1 次 ---
[15:28:42] 完成度检查: 遗漏目标均已点击过
[15:28:42] 脚本执行完成
[15:39:12] === 第 1/6 轮 ===
[15:39:12] 步骤1: 识别图片...
[15:39:12] 步骤1: 截图尺寸=(743, 945, 3), 模板尺寸=(47, 66, 3)
[15:39:12] 步骤1: 找到6个匹配，6个未点击，本轮处理1个
[15:39:12] 步骤1: 找到 1 个匹配
[15:39:12] 步骤1: 点击第1个匹配 (277, 382) 置信度=1.00
[15:39:13] 步骤2: 识别图片...
[15:39:13] 步骤2: 截图尺寸=(743, 945, 3), 模板尺寸=(67, 96, 3)
[15:39:13] 步骤2: 未找到匹配，继续等待...
[15:39:13] 步骤2: 识别图片...
[15:39:13] 步骤2: 截图尺寸=(743, 945, 3), 模板尺寸=(67, 96, 3)
[15:39:13] 步骤2: 找到 1 个匹配
[15:39:13] 步骤2: 点击第1个匹配 (465, 516) 置信度=0.94
[15:39:13] === 第 2/6 轮 ===
[15:39:13] 步骤1: 识别图片...
[15:39:13] 步骤1: 截图尺寸=(743, 945, 3), 模板尺寸=(47, 66, 3)
[15:39:13] 步骤1: 找到5个匹配，4个未点击，本轮处理1个
[15:39:13] 步骤1: 找到 1 个匹配
[15:39:13] 步骤1: 点击第1个匹配 (657, 382) 置信度=1.00
[15:39:14] 步骤2: 识别图片...
[15:39:14] 步骤2: 截图尺寸=(743, 945, 3), 模板尺寸=(67, 96, 3)
[15:39:14] 步骤2: 找到 1 个匹配
[15:39:14] 步骤2: 点击第1个匹配 (465, 524) 置信度=0.88
[15:39:14] === 第 3/6 轮 ===
[15:39:14] 步骤1: 识别图片...
[15:39:14] 步骤1: 截图尺寸=(743, 945, 3), 模板尺寸=(47, 66, 3)
[15:39:14] 步骤1: 找到5个匹配，4个未点击，本轮处理1个
[15:39:14] 步骤1: 找到 1 个匹配
[15:39:14] 步骤1: 点击第1个匹配 (467, 382) 置信度=1.00
[15:39:14] 步骤2: 识别图片...
[15:39:14] 步骤2: 截图尺寸=(743, 945, 3), 模板尺寸=(67, 96, 3)
[15:39:15] 步骤2: 未找到匹配，继续等待...
[15:39:15] 步骤2: 识别图片...
[15:39:15] 步骤2: 截图尺寸=(743, 945, 3), 模板尺寸=(67, 96, 3)
[15:39:15] 步骤2: 找到 1 个匹配
[15:39:15] 步骤2: 点击第1个匹配 (465, 516) 置信度=0.94
[15:39:15] === 第 4/6 轮 ===
[15:39:15] 步骤1: 识别图片...
[15:39:15] 步骤1: 截图尺寸=(743, 945, 3), 模板尺寸=(47, 66, 3)
[15:39:15] 步骤1: 找到4个匹配，3个未点击，本轮处理1个
[15:39:15] 步骤1: 找到 1 个匹配
[15:39:15] 步骤1: 点击第1个匹配 (277, 632) 置信度=1.00
[15:39:15] 步骤2: 识别图片...
[15:39:15] 步骤2: 截图尺寸=(743, 945, 3), 模板尺寸=(67, 96, 3)
[15:39:15] 步骤2: 找到 1 个匹配
[15:39:15] 步骤2: 点击第1个匹配 (465, 523) 置信度=0.80
[15:39:16] === 第 5/6 轮 ===
[15:39:16] 步骤1: 识别图片...
[15:39:16] 步骤1: 截图尺寸=(743, 945, 3), 模板尺寸=(47, 66, 3)
[15:39:16] 步骤1: 找到4个匹配，2个未点击，本轮处理1个
[15:39:16] 步骤1: 找到 1 个匹配
[15:39:16] 步骤1: 点击第1个匹配 (467, 632) 置信度=1.00
[15:39:16] 步骤2: 识别图片...
[15:39:16] 步骤2: 截图尺寸=(743, 945, 3), 模板尺寸=(67, 96, 3)
[15:39:16] 步骤2: 未找到匹配，继续等待...
[15:39:16] 步骤2: 识别图片...
[15:39:16] 步骤2: 截图尺寸=(743, 945, 3), 模板尺寸=(67, 96, 3)
[15:39:16] 步骤2: 未找到匹配，继续等待...
[15:39:16] 步骤2: 识别图片...
[15:39:16] 步骤2: 截图尺寸=(743, 945, 3), 模板尺寸=(67, 96, 3)
[15:39:17] 步骤2: 找到 1 个匹配
[15:39:17] 步骤2: 点击第1个匹配 (465, 526) 置信度=0.89
[15:39:17] === 第 6/6 轮 ===
[15:39:17] 步骤1: 识别图片...
[15:39:17] 步骤1: 截图尺寸=(743, 945, 3), 模板尺寸=(47, 66, 3)
[15:39:17] 步骤1: 找到4个匹配，1个未点击，本轮处理1个
[15:39:17] 步骤1: 找到 1 个匹配
[15:39:17] 步骤1: 点击第1个匹配 (657, 632) 置信度=1.00
[15:39:17] 步骤2: 识别图片...
[15:39:17] 步骤2: 截图尺寸=(743, 945, 3), 模板尺寸=(67, 96, 3)
[15:39:17] 步骤2: 找到 1 个匹配
[15:39:17] 步骤2: 点击第1个匹配 (465, 523) 置信度=0.80
[15:39:18] --- 完成度检查第 1 次 ---
[15:39:18] 发现 3 个遗漏目标，补漏1个 (657, 382) 置信度=1.00
[15:39:18] 步骤2: 识别图片...
[15:39:18] 步骤2: 截图尺寸=(743, 945, 3), 模板尺寸=(67, 96, 3)
[15:39:18] 步骤2: 未找到匹配，继续等待...
[15:39:18] 步骤2: 识别图片...
[15:39:18] 步骤2: 截图尺寸=(743, 945, 3), 模板尺寸=(67, 96, 3)
[15:39:19] 步骤2: 找到 1 个匹配
[15:39:19] 步骤2: 点击第1个匹配 (465, 516) 置信度=0.96
[15:39:19] --- 完成度检查第 2 次 ---
[15:39:19] 发现 3 个遗漏目标，补漏1个 (657, 382) 置信度=1.00
[15:39:19] 步骤2: 识别图片...
[15:39:19] 步骤2: 截图尺寸=(743, 945, 3), 模板尺寸=(67, 96, 3)
[15:39:19] 步骤2: 上一步骤点击位置目标已消失，停止等待
[15:39:20] 调试截图已保存: C:\PictureRecognition\debug_screenshots\step2_153919_screenshot.png
[15:39:20] 补漏: 步骤2未匹配，跳过
[15:39:20] --- 完成度检查第 3 次 ---
[15:39:20] 发现 2 个遗漏目标，补漏1个 (277, 632) 置信度=1.00
[15:39:20] 步骤2: 识别图片...
[15:39:20] 步骤2: 截图尺寸=(743, 945, 3), 模板尺寸=(67, 96, 3)
[15:39:20] 步骤2: 未找到匹配，继续等待...
[15:39:20] 步骤2: 识别图片...
[15:39:20] 步骤2: 截图尺寸=(743, 945, 3), 模板尺寸=(67, 96, 3)
[15:39:21] 步骤2: 找到 1 个匹配
[15:39:21] 步骤2: 点击第1个匹配 (465, 516) 置信度=0.96
[15:39:21] --- 完成度检查第 4 次 ---
[15:39:21] 发现 2 个遗漏目标，补漏1个 (277, 632) 置信度=1.00
[15:39:21] 步骤2: 识别图片...
[15:39:21] 步骤2: 截图尺寸=(743, 945, 3), 模板尺寸=(67, 96, 3)
[15:39:21] 步骤2: 上一步骤点击位置目标已消失，停止等待
[15:39:21] 调试截图已保存: C:\PictureRecognition\debug_screenshots\step2_153921_screenshot.png
[15:39:21] 补漏: 步骤2未匹配，跳过
[15:39:22] --- 完成度检查第 5 次 ---
[15:39:22] 发现 1 个遗漏目标，补漏1个 (657, 632) 置信度=1.00
[15:39:22] 步骤2: 识别图片...
[15:39:22] 步骤2: 截图尺寸=(743, 945, 3), 模板尺寸=(67, 96, 3)
[15:39:22] 步骤2: 未找到匹配，继续等待...
[15:39:22] 步骤2: 识别图片...
[15:39:22] 步骤2: 截图尺寸=(743, 945, 3), 模板尺寸=(67, 96, 3)
[15:39:22] 步骤2: 未找到匹配，继续等待...
[15:39:22] 步骤2: 识别图片...
[15:39:22] 步骤2: 截图尺寸=(743, 945, 3), 模板尺寸=(67, 96, 3)
[15:39:23] 步骤2: 找到 1 个匹配
[15:39:23] 步骤2: 点击第1个匹配 (465, 526) 置信度=0.89
[15:39:23] --- 完成度检查第 6 次 ---
[15:39:23] 发现 1 个遗漏目标，补漏1个 (657, 632) 置信度=1.00
[15:39:23] 步骤2: 识别图片...
[15:39:23] 步骤2: 截图尺寸=(743, 945, 3), 模板尺寸=(67, 96, 3)
[15:39:23] 步骤2: 上一步骤点击位置目标已消失，停止等待
[15:39:24] 调试截图已保存: C:\PictureRecognition\debug_screenshots\step2_153923_screenshot.png
[15:39:24] 补漏: 步骤2未匹配，跳过
[15:39:24] --- 完成度检查第 7 次 ---
[15:39:24] 完成度检查通过，无遗漏目标
[15:39:24] 脚本执行完成
[15:39:51] === 第 1/6 轮 ===
[15:39:51] 步骤1: 识别图片...
[15:39:51] 步骤1: 截图尺寸=(743, 945, 3), 模板尺寸=(47, 66, 3)
[15:39:51] 步骤1: 找到6个匹配，6个未点击，本轮处理1个
[15:39:51] 步骤1: 找到 1 个匹配
[15:39:51] 步骤1: 点击第1个匹配 (277, 382) 置信度=1.00
[15:39:51] 步骤2: 识别图片...
[15:39:51] 步骤2: 截图尺寸=(743, 945, 3), 模板尺寸=(67, 96, 3)
[15:39:51] 步骤2: 未找到匹配，继续等待...
[15:39:51] 步骤2: 识别图片...
[15:39:51] 步骤2: 截图尺寸=(743, 945, 3), 模板尺寸=(67, 96, 3)
[15:39:51] 步骤2: 找到 1 个匹配
[15:39:51] 步骤2: 点击第1个匹配 (465, 516) 置信度=0.94
[15:39:52] === 第 2/6 轮 ===
[15:39:52] 步骤1: 识别图片...
[15:39:52] 步骤1: 截图尺寸=(743, 945, 3), 模板尺寸=(47, 66, 3)
[15:39:52] 步骤1: 找到5个匹配，4个未点击，本轮处理1个
[15:39:52] 步骤1: 找到 1 个匹配
[15:39:52] 步骤1: 点击第1个匹配 (657, 382) 置信度=1.00
[15:39:52] 步骤2: 识别图片...
[15:39:52] 步骤2: 截图尺寸=(743, 945, 3), 模板尺寸=(67, 96, 3)
[15:39:52] 步骤2: 找到 1 个匹配
[15:39:52] 步骤2: 点击第1个匹配 (465, 527) 置信度=0.88
[15:39:52] === 第 3/6 轮 ===
[15:39:52] 步骤1: 识别图片...
[15:39:52] 步骤1: 截图尺寸=(743, 945, 3), 模板尺寸=(47, 66, 3)
[15:39:52] 步骤1: 找到5个匹配，4个未点击，本轮处理1个
[15:39:52] 步骤1: 找到 1 个匹配
[15:39:52] 步骤1: 点击第1个匹配 (467, 382) 置信度=1.00
[15:39:53] 步骤2: 识别图片...
[15:39:53] 步骤2: 截图尺寸=(743, 945, 3), 模板尺寸=(67, 96, 3)
[15:39:53] 步骤2: 未找到匹配，继续等待...
[15:39:53] 步骤2: 识别图片...
[15:39:53] 步骤2: 截图尺寸=(743, 945, 3), 模板尺寸=(67, 96, 3)
[15:39:53] 步骤2: 找到 1 个匹配
[15:39:53] 步骤2: 点击第1个匹配 (465, 516) 置信度=0.94
[15:39:53] === 第 4/6 轮 ===
[15:39:53] 步骤1: 识别图片...
[15:39:53] 步骤1: 截图尺寸=(743, 945, 3), 模板尺寸=(47, 66, 3)
[15:39:53] 步骤1: 找到4个匹配，3个未点击，本轮处理1个
[15:39:53] 步骤1: 找到 1 个匹配
[15:39:53] 步骤1: 点击第1个匹配 (277, 632) 置信度=1.00
[15:39:54] 步骤2: 识别图片...
[15:39:54] 步骤2: 截图尺寸=(743, 945, 3), 模板尺寸=(67, 96, 3)
[15:39:54] 步骤2: 找到 1 个匹配
[15:39:54] 步骤2: 点击第1个匹配 (465, 523) 置信度=0.80
[15:39:54] === 第 5/6 轮 ===
[15:39:54] 步骤1: 识别图片...
[15:39:54] 步骤1: 截图尺寸=(743, 945, 3), 模板尺寸=(47, 66, 3)
[15:39:54] 步骤1: 找到4个匹配，2个未点击，本轮处理1个
[15:39:54] 步骤1: 找到 1 个匹配
[15:39:54] 步骤1: 点击第1个匹配 (467, 632) 置信度=1.00
[15:39:54] 步骤2: 识别图片...
[15:39:54] 步骤2: 截图尺寸=(743, 945, 3), 模板尺寸=(67, 96, 3)
[15:39:54] 步骤2: 未找到匹配，继续等待...
[15:39:54] 步骤2: 识别图片...
[15:39:54] 步骤2: 截图尺寸=(743, 945, 3), 模板尺寸=(67, 96, 3)
[15:39:55] 步骤2: 未找到匹配，继续等待...
[15:39:55] 步骤2: 识别图片...
[15:39:55] 步骤2: 截图尺寸=(743, 945, 3), 模板尺寸=(67, 96, 3)
[15:39:55] 步骤2: 找到 1 个匹配
[15:39:55] 步骤2: 点击第1个匹配 (465, 526) 置信度=0.89
[15:39:55] === 第 6/6 轮 ===
[15:39:55] 步骤1: 识别图片...
[15:39:55] 步骤1: 截图尺寸=(743, 945, 3), 模板尺寸=(47, 66, 3)
[15:39:55] 步骤1: 找到4个匹配，1个未点击，本轮处理1个
[15:39:55] 步骤1: 找到 1 个匹配
[15:39:55] 步骤1: 点击第1个匹配 (657, 632) 置信度=1.00
[15:39:55] 步骤2: 识别图片...
[15:39:55] 步骤2: 截图尺寸=(743, 945, 3), 模板尺寸=(67, 96, 3)
[15:39:55] 步骤2: 找到 1 个匹配
[15:39:55] 步骤2: 点击第1个匹配 (465, 526) 置信度=0.92
[15:39:56] --- 完成度检查第 1 次 ---
[15:39:56] 发现 3 个遗漏目标，补漏1个 (657, 382) 置信度=1.00
[15:39:56] 步骤2: 识别图片...
[15:39:56] 步骤2: 截图尺寸=(743, 945, 3), 模板尺寸=(67, 96, 3)
[15:39:56] 步骤2: 未找到匹配，继续等待...
[15:39:56] 步骤2: 识别图片...
[15:39:56] 步骤2: 截图尺寸=(743, 945, 3), 模板尺寸=(67, 96, 3)
[15:39:57] 步骤2: 找到 1 个匹配
[15:39:57] 步骤2: 点击第1个匹配 (465, 516) 置信度=0.96
[15:39:57] --- 完成度检查第 2 次 ---
[15:39:57] 发现 3 个遗漏目标，补漏1个 (657, 382) 置信度=1.00
[15:39:58] 步骤2: 识别图片...
[15:39:58] 步骤2: 截图尺寸=(743, 945, 3), 模板尺寸=(67, 96, 3)
[15:39:58] 步骤2: 上一步骤点击位置目标已消失，停止等待
[15:39:58] 调试截图已保存: C:\PictureRecognition\debug_screenshots\step2_153958_screenshot.png
[15:39:58] 补漏: 步骤2未匹配，跳过
[15:39:58] --- 完成度检查第 3 次 ---
[15:39:58] 发现 2 个遗漏目标，补漏1个 (277, 632) 置信度=1.00
[15:39:58] 步骤2: 识别图片...
[15:39:58] 步骤2: 截图尺寸=(743, 945, 3), 模板尺寸=(67, 96, 3)
[15:39:58] 步骤2: 未找到匹配，继续等待...
[15:39:58] 步骤2: 识别图片...
[15:39:58] 步骤2: 截图尺寸=(743, 945, 3), 模板尺寸=(67, 96, 3)
[15:39:59] 步骤2: 找到 1 个匹配
[15:39:59] 步骤2: 点击第1个匹配 (465, 516) 置信度=0.96
[15:39:59] --- 完成度检查第 4 次 ---
[15:39:59] 发现 2 个遗漏目标，补漏1个 (277, 632) 置信度=1.00
[15:39:59] 步骤2: 识别图片...
[15:39:59] 步骤2: 截图尺寸=(743, 945, 3), 模板尺寸=(67, 96, 3)
[15:40:00] 步骤2: 上一步骤点击位置目标已消失，停止等待
[15:40:00] 调试截图已保存: C:\PictureRecognition\debug_screenshots\step2_154000_screenshot.png
[15:40:00] 补漏: 步骤2未匹配，跳过
[15:40:00] --- 完成度检查第 5 次 ---
[15:40:00] 发现 1 个遗漏目标，补漏1个 (657, 632) 置信度=1.00
[15:40:00] 步骤2: 识别图片...
[15:40:00] 步骤2: 截图尺寸=(743, 945, 3), 模板尺寸=(67, 96, 3)
[15:40:00] 步骤2: 未找到匹配，继续等待...
[15:40:00] 步骤2: 识别图片...
[15:40:00] 步骤2: 截图尺寸=(743, 945, 3), 模板尺寸=(67, 96, 3)
[15:40:01] 步骤2: 找到 1 个匹配
[15:40:01] 步骤2: 点击第1个匹配 (465, 516) 置信度=0.96
[15:40:01] --- 完成度检查第 6 次 ---
[15:40:01] 发现 1 个遗漏目标，补漏1个 (657, 632) 置信度=1.00
[15:40:01] 步骤2: 识别图片...
[15:40:01] 步骤2: 截图尺寸=(743, 945, 3), 模板尺寸=(67, 96, 3)
[15:40:02] 步骤2: 上一步骤点击位置目标已消失，停止等待
[15:40:02] 调试截图已保存: C:\PictureRecognition\debug_screenshots\step2_154002_screenshot.png
[15:40:02] 补漏: 步骤2未匹配，跳过
[15:40:02] --- 完成度检查第 7 次 ---
[15:40:02] 完成度检查通过，无遗漏目标
[15:40:02] 脚本执行完成
[15:41:25] === 第 1/6 轮 ===
[15:41:25] 步骤1: 识别图片...
[15:41:25] 步骤1: 截图尺寸=(743, 945, 3), 模板尺寸=(47, 66, 3)
[15:41:25] 步骤1: 找到6个匹配，6个未点击，本轮处理1个
[15:41:25] 步骤1: 找到 1 个匹配
[15:41:25] 步骤1: 点击第1个匹配 (277, 382) 置信度=1.00
[15:41:26] 步骤2: 识别图片...
[15:41:26] 步骤2: 截图尺寸=(743, 945, 3), 模板尺寸=(67, 96, 3)
[15:41:26] 步骤2: 未找到匹配，继续等待...
[15:41:26] 步骤2: 识别图片...
[15:41:26] 步骤2: 截图尺寸=(743, 945, 3), 模板尺寸=(67, 96, 3)
[15:41:26] 步骤2: 未找到匹配，继续等待...
[15:41:26] 步骤2: 识别图片...
[15:41:26] 步骤2: 截图尺寸=(743, 945, 3), 模板尺寸=(67, 96, 3)
[15:41:26] 步骤2: 找到 1 个匹配
[15:41:26] 步骤2: 点击第1个匹配 (465, 526) 置信度=0.89
[15:41:26] === 第 2/6 轮 ===
[15:41:26] 步骤1: 识别图片...
[15:41:26] 步骤1: 截图尺寸=(743, 945, 3), 模板尺寸=(47, 66, 3)
[15:41:26] 步骤1: 找到5个匹配，4个未点击，本轮处理1个
[15:41:26] 步骤1: 找到 1 个匹配
[15:41:26] 步骤1: 点击第1个匹配 (657, 382) 置信度=1.00
[15:41:27] 步骤2: 识别图片...
[15:41:27] 步骤2: 截图尺寸=(743, 945, 3), 模板尺寸=(67, 96, 3)
[15:41:27] 步骤2: 找到 1 个匹配
[15:41:27] 步骤2: 点击第1个匹配 (465, 527) 置信度=0.90
[15:41:27] === 第 3/6 轮 ===
[15:41:27] 步骤1: 识别图片...
[15:41:27] 步骤1: 截图尺寸=(743, 945, 3), 模板尺寸=(47, 66, 3)
[15:41:27] 步骤1: 找到5个匹配，4个未点击，本轮处理1个
[15:41:27] 步骤1: 找到 1 个匹配
[15:41:27] 步骤1: 点击第1个匹配 (467, 382) 置信度=1.00
[15:41:27] 步骤2: 识别图片...
[15:41:27] 步骤2: 截图尺寸=(743, 945, 3), 模板尺寸=(67, 96, 3)
[15:41:28] 步骤2: 未找到匹配，继续等待...
[15:41:28] 步骤2: 识别图片...
[15:41:28] 步骤2: 截图尺寸=(743, 945, 3), 模板尺寸=(67, 96, 3)
[15:41:28] 步骤2: 找到 1 个匹配
[15:41:28] 步骤2: 点击第1个匹配 (465, 516) 置信度=0.94
[15:41:28] === 第 4/6 轮 ===
[15:41:28] 步骤1: 识别图片...
[15:41:28] 步骤1: 截图尺寸=(743, 945, 3), 模板尺寸=(47, 66, 3)
[15:41:28] 步骤1: 找到4个匹配，3个未点击，本轮处理1个
[15:41:28] 步骤1: 找到 1 个匹配
[15:41:28] 步骤1: 点击第1个匹配 (277, 632) 置信度=1.00
[15:41:28] 步骤2: 识别图片...
[15:41:28] 步骤2: 截图尺寸=(743, 945, 3), 模板尺寸=(67, 96, 3)
[15:41:28] 步骤2: 找到 1 个匹配
[15:41:28] 步骤2: 点击第1个匹配 (465, 529) 置信度=0.86
[15:41:29] === 第 5/6 轮 ===
[15:41:29] 步骤1: 识别图片...
[15:41:29] 步骤1: 截图尺寸=(743, 945, 3), 模板尺寸=(47, 66, 3)
[15:41:29] 步骤1: 找到4个匹配，2个未点击，本轮处理1个
[15:41:29] 步骤1: 找到 1 个匹配
[15:41:29] 步骤1: 点击第1个匹配 (467, 632) 置信度=1.00
[15:41:29] 步骤2: 识别图片...
[15:41:29] 步骤2: 截图尺寸=(743, 945, 3), 模板尺寸=(67, 96, 3)
[15:41:29] 步骤2: 未找到匹配，继续等待...
[15:41:29] 步骤2: 识别图片...
[15:41:29] 步骤2: 截图尺寸=(743, 945, 3), 模板尺寸=(67, 96, 3)
[15:41:29] 步骤2: 找到 1 个匹配
[15:41:29] 步骤2: 点击第1个匹配 (465, 516) 置信度=0.94
[15:41:30] === 第 6/6 轮 ===
[15:41:30] 步骤1: 识别图片...
[15:41:30] 步骤1: 截图尺寸=(743, 945, 3), 模板尺寸=(47, 66, 3)
[15:41:30] 步骤1: 找到4个匹配，1个未点击，本轮处理1个
[15:41:30] 步骤1: 找到 1 个匹配
[15:41:30] 步骤1: 点击第1个匹配 (657, 632) 置信度=1.00
[15:41:30] 步骤2: 识别图片...
[15:41:30] 步骤2: 截图尺寸=(743, 945, 3), 模板尺寸=(67, 96, 3)
[15:41:30] 步骤2: 找到 1 个匹配
[15:41:30] 步骤2: 点击第1个匹配 (465, 523) 置信度=0.80
[15:41:31] --- 完成度检查第 1 次 ---
[15:41:31] 发现 3 个遗漏目标，补漏1个 (657, 382) 置信度=1.00
[15:41:31] 步骤2: 识别图片...
[15:41:31] 步骤2: 截图尺寸=(743, 945, 3), 模板尺寸=(67, 96, 3)
[15:41:31] 步骤2: 未找到匹配，继续等待...
[15:41:31] 步骤2: 识别图片...
[15:41:31] 步骤2: 截图尺寸=(743, 945, 3), 模板尺寸=(67, 96, 3)
[15:41:31] 步骤2: 找到 1 个匹配
[15:41:31] 步骤2: 点击第1个匹配 (465, 516) 置信度=0.96
[15:41:32] --- 完成度检查第 2 次 ---
[15:41:32] 发现 3 个遗漏目标，补漏1个 (657, 382) 置信度=1.00
[15:41:32] 步骤2: 识别图片...
[15:41:32] 步骤2: 截图尺寸=(743, 945, 3), 模板尺寸=(67, 96, 3)
[15:41:32] 步骤2: 上一步骤点击位置目标已消失，停止等待
[15:41:32] 调试截图已保存: C:\PictureRecognition\debug_screenshots\step2_154132_screenshot.png
[15:41:32] 补漏: 步骤2未匹配，跳过
[15:41:32] --- 完成度检查第 3 次 ---
[15:41:33] 发现 2 个遗漏目标，补漏1个 (277, 632) 置信度=1.00
[15:41:33] 步骤2: 识别图片...
[15:41:33] 步骤2: 截图尺寸=(743, 945, 3), 模板尺寸=(67, 96, 3)
[15:41:33] 步骤2: 未找到匹配，继续等待...
[15:41:33] 步骤2: 识别图片...
[15:41:33] 步骤2: 截图尺寸=(743, 945, 3), 模板尺寸=(67, 96, 3)
[15:41:33] 步骤2: 找到 1 个匹配
[15:41:33] 步骤2: 点击第1个匹配 (465, 516) 置信度=0.96
[15:41:34] --- 完成度检查第 4 次 ---
[15:41:34] 发现 2 个遗漏目标，补漏1个 (277, 632) 置信度=1.00
[15:41:34] 步骤2: 识别图片...
[15:41:34] 步骤2: 截图尺寸=(743, 945, 3), 模板尺寸=(67, 96, 3)
[15:41:34] 步骤2: 上一步骤点击位置目标已消失，停止等待
[15:41:34] 调试截图已保存: C:\PictureRecognition\debug_screenshots\step2_154134_screenshot.png
[15:41:34] 补漏: 步骤2未匹配，跳过
[15:41:34] --- 完成度检查第 5 次 ---
[15:41:34] 发现 1 个遗漏目标，补漏1个 (657, 632) 置信度=1.00
[15:41:35] 步骤2: 识别图片...
[15:41:35] 步骤2: 截图尺寸=(743, 945, 3), 模板尺寸=(67, 96, 3)
[15:41:35] 步骤2: 未找到匹配，继续等待...
[15:41:35] 步骤2: 识别图片...
[15:41:35] 步骤2: 截图尺寸=(743, 945, 3), 模板尺寸=(67, 96, 3)
[15:41:35] 步骤2: 找到 1 个匹配
[15:41:35] 步骤2: 点击第1个匹配 (465, 516) 置信度=0.96
[15:41:36] --- 完成度检查第 6 次 ---
[15:41:36] 发现 1 个遗漏目标，补漏1个 (657, 632) 置信度=1.00
[15:41:36] 步骤2: 识别图片...
[15:41:36] 步骤2: 截图尺寸=(743, 945, 3), 模板尺寸=(67, 96, 3)
[15:41:36] 步骤2: 上一步骤点击位置目标已消失，停止等待
[15:41:36] 调试截图已保存: C:\PictureRecognition\debug_screenshots\step2_154136_screenshot.png
[15:41:36] 补漏: 步骤2未匹配，跳过
[15:41:36] --- 完成度检查第 7 次 ---
[15:41:36] 完成度检查通过，无遗漏目标
[15:41:36] 脚本执行完成
[15:54:00] === 第 1/6 轮 ===
[15:54:00] 步骤1: 识别图片...
[15:54:00] 步骤1: 截图尺寸=(743, 945, 3), 模板尺寸=(47, 66, 3)
[15:54:00] 步骤1: 找到6个匹配，6个未点击，本轮处理1个
[15:54:00] 步骤1: 找到 1 个匹配
[15:54:00] 步骤1: 点击第1个匹配 (277, 382) 置信度=1.00
[15:54:00] 步骤2: 识别图片...
[15:54:00] 步骤2: 截图尺寸=(743, 945, 3), 模板尺寸=(67, 96, 3)
[15:54:00] 步骤2: 未找到匹配，继续等待...
[15:54:00] 步骤2: 识别图片...
[15:54:01] 步骤2: 截图尺寸=(743, 945, 3), 模板尺寸=(67, 96, 3)
[15:54:01] 步骤2: 未找到匹配，继续等待...
[15:54:01] 步骤2: 识别图片...
[15:54:01] 步骤2: 截图尺寸=(743, 945, 3), 模板尺寸=(67, 96, 3)
[15:54:01] 步骤2: 未找到匹配，继续等待...
[15:54:01] 步骤2: 识别图片...
[15:54:01] 步骤2: 截图尺寸=(743, 945, 3), 模板尺寸=(67, 96, 3)
[15:54:01] 步骤2: 未找到匹配，继续等待...
[15:54:01] 步骤2: 识别图片...
[15:54:01] 步骤2: 截图尺寸=(743, 945, 3), 模板尺寸=(67, 96, 3)
[15:54:01] 步骤2: 未找到匹配，继续等待...
[15:54:01] 步骤2: 识别图片...
[15:54:01] 步骤2: 截图尺寸=(743, 945, 3), 模板尺寸=(67, 96, 3)
[15:54:01] 步骤2: 未找到匹配，继续等待...
[15:54:01] 步骤2: 识别图片...
[15:54:01] 步骤2: 截图尺寸=(743, 945, 3), 模板尺寸=(67, 96, 3)
[15:54:01] 步骤2: 未找到匹配，继续等待...
[15:54:01] 步骤2: 识别图片...
[15:54:01] 步骤2: 截图尺寸=(743, 945, 3), 模板尺寸=(67, 96, 3)
[15:54:01] 步骤2: 未找到匹配，继续等待...
[15:54:01] 步骤2: 识别图片...
[15:54:01] 步骤2: 截图尺寸=(743, 945, 3), 模板尺寸=(67, 96, 3)
[15:54:02] 步骤2: 未找到匹配，继续等待...
[15:54:02] 步骤2: 识别图片...
[15:54:02] 步骤2: 截图尺寸=(743, 945, 3), 模板尺寸=(67, 96, 3)
[15:54:02] 步骤2: 未找到匹配，继续等待...
[15:54:02] 步骤2: 识别图片...
[15:54:02] 步骤2: 截图尺寸=(743, 945, 3), 模板尺寸=(67, 96, 3)
[15:54:02] 步骤2: 未找到匹配，继续等待...
[15:54:02] 步骤2: 识别图片...
[15:54:02] 步骤2: 截图尺寸=(743, 945, 3), 模板尺寸=(67, 96, 3)
[15:54:02] 步骤2: 未找到匹配，继续等待...
[15:54:02] 步骤2: 识别图片...
[15:54:02] 步骤2: 截图尺寸=(743, 945, 3), 模板尺寸=(67, 96, 3)
[15:54:02] 步骤2: 未找到匹配，继续等待...
[15:54:02] 步骤2: 识别图片...
[15:54:02] 步骤2: 截图尺寸=(743, 945, 3), 模板尺寸=(67, 96, 3)
[15:54:02] 步骤2: 未找到匹配，继续等待...
[15:54:02] 步骤2: 识别图片...
[15:54:02] 步骤2: 截图尺寸=(743, 945, 3), 模板尺寸=(67, 96, 3)
[15:54:02] 步骤2: 未找到匹配，继续等待...
[15:54:02] 步骤2: 识别图片...
[15:54:02] 步骤2: 截图尺寸=(743, 945, 3), 模板尺寸=(67, 96, 3)
[15:54:02] 步骤2: 未找到匹配，继续等待...
[15:54:02] 步骤2: 识别图片...
[15:54:03] 步骤2: 截图尺寸=(743, 945, 3), 模板尺寸=(67, 96, 3)
[15:54:03] 步骤2: 未找到匹配，继续等待...
[15:54:03] 步骤2: 识别图片...
[15:54:03] 步骤2: 截图尺寸=(743, 945, 3), 模板尺寸=(67, 96, 3)
[15:54:03] 步骤2: 未找到匹配，继续等待...
[15:54:03] 步骤2: 识别图片...
[15:54:03] 步骤2: 截图尺寸=(743, 945, 3), 模板尺寸=(67, 96, 3)
[15:54:03] 步骤2: 未找到匹配，继续等待...
[15:54:03] 步骤2: 识别图片...
[15:54:03] 步骤2: 截图尺寸=(743, 945, 3), 模板尺寸=(67, 96, 3)
[15:54:03] 步骤2: 未找到匹配，继续等待...
[15:54:03] 步骤2: 识别图片...
[15:54:03] 步骤2: 截图尺寸=(743, 945, 3), 模板尺寸=(67, 96, 3)
[15:54:03] 步骤2: 未找到匹配，继续等待...
[15:54:03] 步骤2: 识别图片...
[15:54:03] 步骤2: 截图尺寸=(743, 945, 3), 模板尺寸=(67, 96, 3)
[15:54:03] 步骤2: 未找到匹配，继续等待...
[15:54:03] 步骤2: 识别图片...
[15:54:03] 步骤2: 截图尺寸=(743, 945, 3), 模板尺寸=(67, 96, 3)
[15:54:03] 步骤2: 未找到匹配，继续等待...
[15:54:03] 步骤2: 识别图片...
[15:54:03] 步骤2: 截图尺寸=(743, 945, 3), 模板尺寸=(67, 96, 3)
[15:54:04] 步骤2: 未找到匹配，继续等待...
[15:54:04] 步骤2: 识别图片...
[15:54:04] 步骤2: 截图尺寸=(743, 945, 3), 模板尺寸=(67, 96, 3)
[15:54:04] 步骤2: 未找到匹配，继续等待...
[15:54:04] 步骤2: 识别图片...
[15:54:04] 步骤2: 截图尺寸=(743, 945, 3), 模板尺寸=(67, 96, 3)
[15:54:04] 步骤2: 未找到匹配，继续等待...
[15:54:04] 步骤2: 识别图片...
[15:54:04] 步骤2: 截图尺寸=(743, 945, 3), 模板尺寸=(67, 96, 3)
[15:54:04] 步骤2: 未找到匹配，继续等待...
[15:54:04] 步骤2: 识别图片...
[15:54:04] 步骤2: 截图尺寸=(743, 945, 3), 模板尺寸=(67, 96, 3)
[15:54:04] 步骤2: 未找到匹配，继续等待...
[15:54:04] 步骤2: 识别图片...
[15:54:04] 步骤2: 截图尺寸=(743, 945, 3), 模板尺寸=(67, 96, 3)
[15:54:04] 步骤2: 未找到匹配，继续等待...
[15:54:04] 步骤2: 识别图片...
[15:54:04] 步骤2: 截图尺寸=(743, 945, 3), 模板尺寸=(67, 96, 3)
[15:54:04] 步骤2: 未找到匹配，继续等待...
[15:54:04] 步骤2: 识别图片...
[15:54:04] 步骤2: 截图尺寸=(743, 945, 3), 模板尺寸=(67, 96, 3)
[15:54:04] 步骤2: 未找到匹配，继续等待...
[15:54:04] 步骤2: 识别图片...
[15:54:04] 步骤2: 截图尺寸=(743, 945, 3), 模板尺寸=(67, 96, 3)
[15:54:05] 步骤2: 未找到匹配，继续等待...
[15:54:05] 步骤2: 识别图片...
[15:54:05] 步骤2: 截图尺寸=(743, 945, 3), 模板尺寸=(67, 96, 3)
[15:54:05] 步骤2: 未找到匹配，继续等待...
[15:54:05] 步骤2: 识别图片...
[15:54:05] 步骤2: 截图尺寸=(743, 945, 3), 模板尺寸=(67, 96, 3)
[15:54:05] 步骤2: 未找到匹配，继续等待...
[15:54:05] 步骤2: 识别图片...
[15:54:05] 步骤2: 截图尺寸=(743, 945, 3), 模板尺寸=(67, 96, 3)
[15:54:05] 步骤2: 未找到匹配，继续等待...
[15:54:05] 步骤2: 识别图片...
[15:54:05] 步骤2: 截图尺寸=(743, 945, 3), 模板尺寸=(67, 96, 3)
[15:54:05] 步骤2: 未找到匹配，继续等待...
[15:54:05] 步骤2: 识别图片...
[15:54:05] 步骤2: 截图尺寸=(743, 945, 3), 模板尺寸=(67, 96, 3)
[15:54:05] 步骤2: 未找到匹配，继续等待...
[15:54:05] 步骤2: 识别图片...
[15:54:05] 步骤2: 截图尺寸=(743, 945, 3), 模板尺寸=(67, 96, 3)
[15:54:05] 步骤2: 未找到匹配，继续等待...
[15:54:05] 步骤2: 识别图片...
[15:54:05] 步骤2: 截图尺寸=(743, 945, 3), 模板尺寸=(67, 96, 3)
[15:54:05] 步骤2: 未找到匹配，继续等待...
[15:54:05] 步骤2: 识别图片...
[15:54:06] 步骤2: 截图尺寸=(743, 945, 3), 模板尺寸=(67, 96, 3)
[15:54:06] 步骤2: 未找到匹配，继续等待...
[15:54:06] 步骤2: 识别图片...
[15:54:06] 步骤2: 截图尺寸=(743, 945, 3), 模板尺寸=(67, 96, 3)
[15:54:06] 步骤2: 未找到匹配，继续等待...
[15:54:06] 步骤2: 识别图片...
[15:54:06] 步骤2: 截图尺寸=(743, 945, 3), 模板尺寸=(67, 96, 3)
[15:54:06] 步骤2: 未找到匹配，继续等待...
[15:54:06] 步骤2: 识别图片...
[15:54:06] 步骤2: 截图尺寸=(743, 945, 3), 模板尺寸=(67, 96, 3)
[15:54:06] 步骤2: 未找到匹配，继续等待...
[15:54:06] 步骤2: 识别图片...
[15:54:06] 步骤2: 截图尺寸=(743, 945, 3), 模板尺寸=(67, 96, 3)
[15:54:06] 步骤2: 未找到匹配，继续等待...
[15:54:06] 步骤2: 识别图片...
[15:54:06] 步骤2: 截图尺寸=(743, 945, 3), 模板尺寸=(67, 96, 3)
[15:54:06] 步骤2: 未找到匹配，继续等待...
[15:54:06] 步骤2: 识别图片...
[15:54:06] 步骤2: 截图尺寸=(743, 945, 3), 模板尺寸=(67, 96, 3)
[15:54:06] 步骤2: 未找到匹配，继续等待...
[15:54:06] 步骤2: 识别图片...
[15:54:06] 步骤2: 截图尺寸=(743, 945, 3), 模板尺寸=(67, 96, 3)
[15:54:07] 步骤2: 未找到匹配，继续等待...
[15:54:07] 步骤2: 识别图片...
[15:54:07] 步骤2: 截图尺寸=(743, 945, 3), 模板尺寸=(67, 96, 3)
[15:54:07] 步骤2: 未找到匹配，继续等待...
[15:54:07] 步骤2: 识别图片...
[15:54:07] 步骤2: 截图尺寸=(743, 945, 3), 模板尺寸=(67, 96, 3)
[15:54:07] 步骤2: 未找到匹配，继续等待...
[15:54:07] 步骤2: 识别图片...
[15:54:07] 步骤2: 截图尺寸=(743, 945, 3), 模板尺寸=(67, 96, 3)
[15:54:07] 步骤2: 未找到匹配，继续等待...
[15:54:07] 步骤2: 识别图片...
[15:54:07] 步骤2: 截图尺寸=(743, 945, 3), 模板尺寸=(67, 96, 3)
[15:54:07] 步骤2: 未找到匹配，继续等待...
[15:54:07] 步骤2: 识别图片...
[15:54:07] 步骤2: 截图尺寸=(743, 945, 3), 模板尺寸=(67, 96, 3)
[15:54:07] 步骤2: 未找到匹配，继续等待...
[15:54:07] 步骤2: 识别图片...
[15:54:07] 步骤2: 截图尺寸=(743, 945, 3), 模板尺寸=(67, 96, 3)
[15:54:07] 步骤2: 未找到匹配，继续等待...
[15:54:07] 步骤2: 识别图片...
[15:54:07] 步骤2: 截图尺寸=(743, 945, 3), 模板尺寸=(67, 96, 3)
[15:54:07] 步骤2: 未找到匹配，继续等待...
[15:54:07] 步骤2: 识别图片...
[15:54:07] 步骤2: 截图尺寸=(743, 945, 3), 模板尺寸=(67, 96, 3)
[15:54:08] 步骤2: 未找到匹配，继续等待...
[15:54:08] 步骤2: 识别图片...
[15:54:08] 步骤2: 截图尺寸=(743, 945, 3), 模板尺寸=(67, 96, 3)
[15:54:08] 步骤2: 未找到匹配，继续等待...
[15:54:08] 步骤2: 识别图片...
[15:54:08] 步骤2: 截图尺寸=(743, 945, 3), 模板尺寸=(67, 96, 3)
[15:54:08] 步骤2: 未找到匹配，继续等待...
[15:54:08] 步骤2: 识别图片...
[15:54:08] 步骤2: 截图尺寸=(743, 945, 3), 模板尺寸=(67, 96, 3)
[15:54:08] 步骤2: 未找到匹配，继续等待...
[15:54:08] 步骤2: 识别图片...
[15:54:08] 步骤2: 截图尺寸=(743, 945, 3), 模板尺寸=(67, 96, 3)
[15:54:08] 步骤2: 未找到匹配，继续等待...
[15:54:08] 步骤2: 识别图片...
[15:54:08] 步骤2: 截图尺寸=(743, 945, 3), 模板尺寸=(67, 96, 3)
[15:54:08] 步骤2: 未找到匹配，继续等待...
[15:54:08] 步骤2: 识别图片...
[15:54:08] 步骤2: 截图尺寸=(743, 945, 3), 模板尺寸=(67, 96, 3)
[15:54:08] 步骤2: 未找到匹配，继续等待...
[15:54:08] 步骤2: 识别图片...
[15:54:08] 步骤2: 截图尺寸=(743, 945, 3), 模板尺寸=(67, 96, 3)
[15:54:08] 步骤2: 未找到匹配，继续等待...
[15:54:08] 步骤2: 识别图片...
[15:54:08] 步骤2: 截图尺寸=(743, 945, 3), 模板尺寸=(67, 96, 3)
[15:54:09] 步骤2: 未找到匹配，继续等待...
[15:54:09] 步骤2: 识别图片...
[15:54:09] 步骤2: 截图尺寸=(743, 945, 3), 模板尺寸=(67, 96, 3)
[15:54:09] 步骤2: 未找到匹配，继续等待...
[15:54:09] 步骤2: 识别图片...
[15:54:09] 步骤2: 截图尺寸=(743, 945, 3), 模板尺寸=(67, 96, 3)
[15:54:09] 步骤2: 未找到匹配，继续等待...
[15:54:09] 步骤2: 识别图片...
[15:54:09] 步骤2: 截图尺寸=(743, 945, 3), 模板尺寸=(67, 96, 3)
[15:54:09] 步骤2: 未找到匹配，继续等待...
[15:54:09] 步骤2: 识别图片...
[15:54:09] 步骤2: 截图尺寸=(743, 945, 3), 模板尺寸=(67, 96, 3)
[15:54:09] 步骤2: 未找到匹配，继续等待...
[15:54:09] 步骤2: 识别图片...
[15:54:09] 步骤2: 截图尺寸=(743, 945, 3), 模板尺寸=(67, 96, 3)
[15:54:09] 步骤2: 未找到匹配，继续等待...
[15:54:09] 步骤2: 识别图片...
[15:54:09] 步骤2: 截图尺寸=(743, 945, 3), 模板尺寸=(67, 96, 3)
[15:54:09] 步骤2: 未找到匹配，继续等待...
[15:54:09] 步骤2: 识别图片...
[15:54:09] 步骤2: 截图尺寸=(743, 945, 3), 模板尺寸=(67, 96, 3)
[15:54:09] 步骤2: 未找到匹配，继续等待...
[15:54:09] 步骤2: 识别图片...
[15:54:09] 步骤2: 截图尺寸=(743, 945, 3), 模板尺寸=(67, 96, 3)
[15:54:10] 步骤2: 未找到匹配，继续等待...
[15:54:10] 步骤2: 识别图片...
[15:54:10] 步骤2: 截图尺寸=(743, 945, 3), 模板尺寸=(67, 96, 3)
[15:54:10] 步骤2: 未找到匹配，继续等待...
[15:54:10] 步骤2: 识别图片...
[15:54:10] 步骤2: 截图尺寸=(743, 945, 3), 模板尺寸=(67, 96, 3)
[15:54:10] 步骤2: 未找到匹配，继续等待...
[15:54:10] 步骤2: 识别图片...
[15:54:10] 步骤2: 截图尺寸=(743, 945, 3), 模板尺寸=(67, 96, 3)
[15:54:10] 步骤2: 未找到匹配，继续等待...
[15:54:10] 步骤2: 识别图片...
[15:54:10] 步骤2: 截图尺寸=(743, 945, 3), 模板尺寸=(67, 96, 3)
[15:54:10] 步骤2: 未找到匹配，继续等待...
[15:54:10] 步骤2: 识别图片...
[15:54:10] 步骤2: 截图尺寸=(743, 945, 3), 模板尺寸=(67, 96, 3)
[15:54:10] 步骤2: 未找到匹配，继续等待...
[15:54:10] 步骤2: 识别图片...
[15:54:10] 步骤2: 截图尺寸=(743, 945, 3), 模板尺寸=(67, 96, 3)
[15:54:10] 步骤2: 未找到匹配，继续等待...
[15:54:10] 步骤2: 识别图片...
[15:54:10] 步骤2: 截图尺寸=(743, 945, 3), 模板尺寸=(67, 96, 3)
[15:54:10] 步骤2: 未找到匹配，继续等待...
[15:54:10] 步骤2: 识别图片...
[15:54:10] 步骤2: 截图尺寸=(743, 945, 3), 模板尺寸=(67, 96, 3)
[15:54:11] 步骤2: 未找到匹配，继续等待...
[15:54:11] 步骤2: 识别图片...
[15:54:11] 步骤2: 截图尺寸=(743, 945, 3), 模板尺寸=(67, 96, 3)
[15:54:11] 步骤2: 未找到匹配，继续等待...
[15:54:11] 步骤2: 识别图片...
[15:54:11] 步骤2: 截图尺寸=(743, 945, 3), 模板尺寸=(67, 96, 3)
[15:54:11] 步骤2: 未找到匹配，继续等待...
[15:54:11] 步骤2: 识别图片...
[15:54:11] 步骤2: 截图尺寸=(743, 945, 3), 模板尺寸=(67, 96, 3)
[15:54:11] 步骤2: 未找到匹配，继续等待...
[15:54:11] 步骤2: 识别图片...
[15:54:11] 步骤2: 截图尺寸=(743, 945, 3), 模板尺寸=(67, 96, 3)
[15:54:11] 步骤2: 未找到匹配，继续等待...
[15:54:11] 步骤2: 识别图片...
[15:54:11] 步骤2: 截图尺寸=(743, 945, 3), 模板尺寸=(67, 96, 3)
[15:54:11] 步骤2: 未找到匹配，继续等待...
[15:54:11] 步骤2: 识别图片...
[15:54:11] 步骤2: 截图尺寸=(743, 945, 3), 模板尺寸=(67, 96, 3)
[15:54:11] 步骤2: 未找到匹配，继续等待...
[15:54:11] 步骤2: 识别图片...
[15:54:11] 步骤2: 截图尺寸=(743, 945, 3), 模板尺寸=(67, 96, 3)
[15:54:11] 步骤2: 未找到匹配，继续等待...
[15:54:11] 步骤2: 识别图片...
[15:54:11] 步骤2: 截图尺寸=(743, 945, 3), 模板尺寸=(67, 96, 3)
[15:54:12] 步骤2: 未找到匹配，继续等待...
[15:54:12] 步骤2: 识别图片...
[15:54:12] 步骤2: 截图尺寸=(743, 945, 3), 模板尺寸=(67, 96, 3)
[15:54:12] 步骤2: 未找到匹配，继续等待...
[15:54:12] 步骤2: 识别图片...
[15:54:12] 步骤2: 截图尺寸=(743, 945, 3), 模板尺寸=(67, 96, 3)
[15:54:12] 步骤2: 未找到匹配，继续等待...
[15:54:12] 步骤2: 识别图片...
[15:54:12] 步骤2: 截图尺寸=(743, 945, 3), 模板尺寸=(67, 96, 3)
[15:54:12] 步骤2: 未找到匹配，继续等待...
[15:54:12] 步骤2: 识别图片...
[15:54:12] 步骤2: 截图尺寸=(743, 945, 3), 模板尺寸=(67, 96, 3)
[15:54:12] 步骤2: 未找到匹配，继续等待...
[15:54:12] 步骤2: 识别图片...
[15:54:12] 步骤2: 截图尺寸=(743, 945, 3), 模板尺寸=(67, 96, 3)
[15:54:12] 步骤2: 未找到匹配，继续等待...
[15:54:12] 步骤2未匹配，跳过
[15:54:12] 执行已停止
[15:54:18] === 第 1/6 轮 ===
[15:54:18] 步骤1: 识别图片...
[15:54:18] 步骤1: 截图尺寸=(743, 945, 3), 模板尺寸=(47, 66, 3)
[15:54:18] 步骤1: 找到6个匹配，6个未点击，本轮处理1个
[15:54:18] 步骤1: 找到 1 个匹配
[15:54:18] 步骤1: 点击第1个匹配 (277, 382) 置信度=1.00
[15:54:19] 步骤2: 识别图片...
[15:54:19] 步骤2: 截图尺寸=(743, 945, 3), 模板尺寸=(67, 96, 3)
[15:54:19] 步骤2: 未找到匹配，继续等待...
[15:54:19] 步骤2: 识别图片...
[15:54:19] 步骤2: 截图尺寸=(743, 945, 3), 模板尺寸=(67, 96, 3)
[15:54:19] 步骤2: 未找到匹配，继续等待...
[15:54:19] 步骤2: 识别图片...
[15:54:19] 步骤2: 截图尺寸=(743, 945, 3), 模板尺寸=(67, 96, 3)
[15:54:19] 步骤2: 找到 1 个匹配
[15:54:19] 步骤2: 点击第1个匹配 (465, 526) 置信度=0.89
[15:54:19] 标记步骤1坐标(np.int64(277), np.int64(382))已完成全流程
[15:54:19] === 第 2/6 轮 ===
[15:54:19] 步骤1: 识别图片...
[15:54:20] 步骤1: 截图尺寸=(743, 945, 3), 模板尺寸=(47, 66, 3)
[15:54:20] 步骤1: 找到5个匹配，4个未点击，本轮处理1个
[15:54:20] 步骤1: 找到 1 个匹配
[15:54:20] 步骤1: 点击第1个匹配 (657, 382) 置信度=1.00
[15:54:20] 步骤2: 识别图片...
[15:54:20] 步骤2: 截图尺寸=(743, 945, 3), 模板尺寸=(67, 96, 3)
[15:54:20] 步骤2: 找到 1 个匹配
[15:54:20] 步骤2: 点击第1个匹配 (465, 531) 置信度=0.86
[15:54:20] 标记步骤1坐标(np.int64(657), np.int64(382))已完成全流程
[15:54:20] === 第 3/6 轮 ===
[15:54:20] 步骤1: 识别图片...
[15:54:20] 步骤1: 截图尺寸=(743, 945, 3), 模板尺寸=(47, 66, 3)
[15:54:20] 步骤1: 找到5个匹配，4个未点击，本轮处理1个
[15:54:20] 步骤1: 找到 1 个匹配
[15:54:20] 步骤1: 点击第1个匹配 (467, 382) 置信度=1.00
[15:54:20] 步骤2: 识别图片...
[15:54:20] 步骤2: 截图尺寸=(743, 945, 3), 模板尺寸=(67, 96, 3)
[15:54:20] 步骤2: 未找到匹配，继续等待...
[15:54:20] 步骤2: 识别图片...
[15:54:20] 步骤2: 截图尺寸=(743, 945, 3), 模板尺寸=(67, 96, 3)
[15:54:20] 步骤2: 上一步骤点击位置目标已消失，停止等待
[15:54:21] 调试截图已保存: C:\PictureRecognition\debug_screenshots\step2_155420_screenshot.png
[15:54:21] 步骤2未匹配，跳过
[15:54:21] === 第 4/6 轮 ===
[15:54:21] 步骤1: 识别图片...
[15:54:21] 步骤1: 截图尺寸=(743, 945, 3), 模板尺寸=(47, 66, 3)
[15:54:21] 步骤1: 找到4个匹配，3个未点击，本轮处理1个
[15:54:21] 步骤1: 找到 1 个匹配
[15:54:21] 步骤1: 点击第1个匹配 (277, 632) 置信度=1.00
[15:54:21] 步骤2: 识别图片...
[15:54:21] 步骤2: 截图尺寸=(743, 945, 3), 模板尺寸=(67, 96, 3)
[15:54:21] 步骤2: 未找到匹配，继续等待...
[15:54:21] 步骤2: 识别图片...
[15:54:21] 步骤2: 截图尺寸=(743, 945, 3), 模板尺寸=(67, 96, 3)
[15:54:21] 步骤2: 找到 1 个匹配
[15:54:21] 步骤2: 点击第1个匹配 (465, 516) 置信度=0.94
[15:54:21] 标记步骤1坐标(np.int64(277), np.int64(632))已完成全流程
[15:54:21] === 第 5/6 轮 ===
[15:54:21] 步骤1: 识别图片...
[15:54:22] 步骤1: 截图尺寸=(743, 945, 3), 模板尺寸=(47, 66, 3)
[15:54:22] 步骤1: 找到4个匹配，2个未点击，本轮处理1个
[15:54:22] 步骤1: 找到 1 个匹配
[15:54:22] 步骤1: 点击第1个匹配 (467, 632) 置信度=1.00
[15:54:22] 步骤2: 识别图片...
[15:54:22] 步骤2: 截图尺寸=(743, 945, 3), 模板尺寸=(67, 96, 3)
[15:54:22] 步骤2: 找到 1 个匹配
[15:54:22] 步骤2: 点击第1个匹配 (465, 526) 置信度=0.92
[15:54:22] 标记步骤1坐标(np.int64(467), np.int64(632))已完成全流程
[15:54:22] === 第 6/6 轮 ===
[15:54:22] 步骤1: 识别图片...
[15:54:22] 步骤1: 截图尺寸=(743, 945, 3), 模板尺寸=(47, 66, 3)
[15:54:22] 步骤1: 找到3个匹配，1个未点击，本轮处理1个
[15:54:22] 步骤1: 找到 1 个匹配
[15:54:22] 步骤1: 点击第1个匹配 (657, 632) 置信度=1.00
[15:54:22] 步骤2: 识别图片...
[15:54:22] 步骤2: 截图尺寸=(743, 945, 3), 模板尺寸=(67, 96, 3)
[15:54:22] 步骤2: 未找到匹配，继续等待...
[15:54:22] 步骤2: 识别图片...
[15:54:22] 步骤2: 截图尺寸=(743, 945, 3), 模板尺寸=(67, 96, 3)
[15:54:23] 步骤2: 找到 1 个匹配
[15:54:23] 步骤2: 点击第1个匹配 (465, 516) 置信度=0.94
[15:54:23] 标记步骤1坐标(np.int64(657), np.int64(632))已完成全流程
[15:54:23] --- 完成度检查第 1 次 ---
[15:54:23] 完成度检查通过，3个目标均已完成
[15:54:23] 脚本执行完成
[15:54:29] === 第 1/6 轮 ===
[15:54:29] 步骤1: 识别图片...
[15:54:29] 步骤1: 截图尺寸=(743, 945, 3), 模板尺寸=(47, 66, 3)
[15:54:29] 步骤1: 找到2个匹配，2个未点击，本轮处理1个
[15:54:29] 步骤1: 找到 1 个匹配
[15:54:29] 步骤1: 点击第1个匹配 (657, 382) 置信度=1.00
[15:54:29] 步骤2: 识别图片...
[15:54:29] 步骤2: 截图尺寸=(743, 945, 3), 模板尺寸=(67, 96, 3)
[15:54:30] 步骤2: 未找到匹配，继续等待...
[15:54:30] 步骤2: 识别图片...
[15:54:30] 步骤2: 截图尺寸=(743, 945, 3), 模板尺寸=(67, 96, 3)
[15:54:30] 步骤2: 找到 1 个匹配
[15:54:30] 步骤2: 点击第1个匹配 (465, 516) 置信度=0.94
[15:54:30] 标记步骤1坐标(np.int64(657), np.int64(382))已完成全流程
[15:54:30] === 第 2/6 轮 ===
[15:54:30] 步骤1: 识别图片...
[15:54:30] 步骤1: 截图尺寸=(743, 945, 3), 模板尺寸=(47, 66, 3)
[15:54:30] 步骤1: 找到2个匹配，1个未点击，本轮处理1个
[15:54:30] 步骤1: 找到 1 个匹配
[15:54:30] 步骤1: 点击第1个匹配 (467, 632) 置信度=1.00
[15:54:30] 步骤2: 识别图片...
[15:54:30] 步骤2: 截图尺寸=(743, 945, 3), 模板尺寸=(67, 96, 3)
[15:54:30] 步骤2: 找到 1 个匹配
[15:54:30] 步骤2: 点击第1个匹配 (465, 526) 置信度=0.92
[15:54:31] 标记步骤1坐标(np.int64(467), np.int64(632))已完成全流程
[15:54:31] === 第 3/6 轮 ===
[15:54:31] 步骤1: 识别图片...
[15:54:31] 步骤1: 截图尺寸=(743, 945, 3), 模板尺寸=(47, 66, 3)
[15:54:31] 步骤1: 找到1个匹配，均已点击过，跳过
[15:54:31] 步骤1未产生新点击，跳过本轮后续步骤
[15:54:31] === 第 4/6 轮 ===
[15:54:31] 步骤1: 识别图片...
[15:54:31] 步骤1: 截图尺寸=(743, 945, 3), 模板尺寸=(47, 66, 3)
[15:54:31] 步骤1: 找到1个匹配，均已点击过，跳过
[15:54:31] 步骤1未产生新点击，跳过本轮后续步骤
[15:54:31] === 第 5/6 轮 ===
[15:54:31] 步骤1: 识别图片...
[15:54:31] 步骤1: 截图尺寸=(743, 945, 3), 模板尺寸=(47, 66, 3)
[15:54:31] 步骤1: 找到1个匹配，均已点击过，跳过
[15:54:31] 步骤1未产生新点击，跳过本轮后续步骤
[15:54:31] === 第 6/6 轮 ===
[15:54:31] 步骤1: 识别图片...
[15:54:31] 步骤1: 截图尺寸=(743, 945, 3), 模板尺寸=(47, 66, 3)
[15:54:31] 步骤1: 找到1个匹配，均已点击过，跳过
[15:54:31] 步骤1未产生新点击，跳过本轮后续步骤
[15:54:31] --- 完成度检查第 1 次 ---
[15:54:31] 完成度检查通过，1个目标均已完成
[15:54:31] 脚本执行完成
[16:00:47] === 第 1/6 轮 ===
[16:00:47] 步骤1: 识别图片...
[16:00:47] 步骤1: 截图尺寸=(743, 945, 3), 模板尺寸=(47, 66, 3)
[16:00:48] 步骤1: 找到6个匹配，6个未点击，本轮处理1个
[16:00:48] 步骤1: 找到 1 个匹配
[16:00:48] 步骤1: 点击第1个匹配 (277, 382) 置信度=1.00
[16:00:48] 步骤2: 识别图片...
[16:00:48] 步骤2: 截图尺寸=(743, 945, 3), 模板尺寸=(67, 96, 3)
[16:00:48] 步骤2: 未找到匹配，继续等待...
[16:00:48] 步骤2: 识别图片...
[16:00:48] 步骤2: 截图尺寸=(743, 945, 3), 模板尺寸=(67, 96, 3)
[16:00:48] 步骤2: 找到 1 个匹配
[16:00:48] 步骤2: 点击第1个匹配 (465, 516) 置信度=0.94
[16:00:48] 标记步骤1坐标(277, 382)已完成全流程
[16:00:48] === 第 2/6 轮 ===
[16:00:48] 步骤1: 识别图片...
[16:00:48] 步骤1: 截图尺寸=(743, 945, 3), 模板尺寸=(47, 66, 3)
[16:00:48] 步骤1: 找到5个匹配，4个未点击，本轮处理1个
[16:00:48] 步骤1: 找到 1 个匹配
[16:00:48] 步骤1: 点击第1个匹配 (657, 382) 置信度=1.00
[16:00:49] 步骤2: 识别图片...
[16:00:49] 步骤2: 截图尺寸=(743, 945, 3), 模板尺寸=(67, 96, 3)
[16:00:49] 步骤2: 找到 1 个匹配
[16:00:49] 步骤2: 点击第1个匹配 (465, 526) 置信度=0.92
[16:00:49] 标记步骤1坐标(657, 382)已完成全流程
[16:00:49] === 第 3/6 轮 ===
[16:00:49] 步骤1: 识别图片...
[16:00:49] 步骤1: 截图尺寸=(743, 945, 3), 模板尺寸=(47, 66, 3)
[16:00:49] 步骤1: 找到5个匹配，4个未点击，本轮处理1个
[16:00:49] 步骤1: 找到 1 个匹配
[16:00:49] 步骤1: 点击第1个匹配 (467, 382) 置信度=1.00
[16:00:49] 步骤2: 识别图片...
[16:00:49] 步骤2: 截图尺寸=(743, 945, 3), 模板尺寸=(67, 96, 3)
[16:00:49] 步骤2: 未找到匹配，继续等待...
[16:00:49] 步骤2: 识别图片...
[16:00:49] 步骤2: 截图尺寸=(743, 945, 3), 模板尺寸=(67, 96, 3)
[16:00:50] 步骤2: 找到 1 个匹配
[16:00:50] 步骤2: 点击第1个匹配 (465, 516) 置信度=0.94
[16:00:50] 标记步骤1坐标(467, 382)已完成全流程
[16:00:50] === 第 4/6 轮 ===
[16:00:50] 步骤1: 识别图片...
[16:00:50] 步骤1: 截图尺寸=(743, 945, 3), 模板尺寸=(47, 66, 3)
[16:00:50] 步骤1: 找到4个匹配，3个未点击，本轮处理1个
[16:00:50] 步骤1: 找到 1 个匹配
[16:00:50] 步骤1: 点击第1个匹配 (277, 632) 置信度=1.00
[16:00:50] 步骤2: 识别图片...
[16:00:50] 步骤2: 截图尺寸=(743, 945, 3), 模板尺寸=(67, 96, 3)
[16:00:50] 步骤2: 找到 1 个匹配
[16:00:50] 步骤2: 点击第1个匹配 (465, 526) 置信度=0.92
[16:00:50] 标记步骤1坐标(277, 632)已完成全流程
[16:00:50] === 第 5/6 轮 ===
[16:00:50] 步骤1: 识别图片...
[16:00:51] 步骤1: 截图尺寸=(743, 945, 3), 模板尺寸=(47, 66, 3)
[16:00:51] 步骤1: 找到4个匹配，2个未点击，本轮处理1个
[16:00:51] 步骤1: 找到 1 个匹配
[16:00:51] 步骤1: 点击第1个匹配 (467, 632) 置信度=1.00
[16:00:51] 步骤2: 识别图片...
[16:00:51] 步骤2: 截图尺寸=(743, 945, 3), 模板尺寸=(67, 96, 3)
[16:00:51] 步骤2: 未找到匹配，继续等待...
[16:00:51] 步骤2: 识别图片...
[16:00:51] 步骤2: 截图尺寸=(743, 945, 3), 模板尺寸=(67, 96, 3)
[16:00:51] 步骤2: 找到 1 个匹配
[16:00:51] 步骤2: 点击第1个匹配 (465, 516) 置信度=0.94
[16:00:51] 标记步骤1坐标(467, 632)已完成全流程
[16:00:51] === 第 6/6 轮 ===
[16:00:51] 步骤1: 识别图片...
[16:00:51] 步骤1: 截图尺寸=(743, 945, 3), 模板尺寸=(47, 66, 3)
[16:00:52] 步骤1: 找到4个匹配，1个未点击，本轮处理1个
[16:00:52] 步骤1: 找到 1 个匹配
[16:00:52] 步骤1: 点击第1个匹配 (657, 632) 置信度=1.00
[16:00:52] 步骤2: 识别图片...
[16:00:52] 步骤2: 截图尺寸=(743, 945, 3), 模板尺寸=(67, 96, 3)
[16:00:52] 步骤2: 找到 1 个匹配
[16:00:52] 步骤2: 点击第1个匹配 (465, 526) 置信度=0.92
[16:00:52] 标记步骤1坐标(657, 632)已完成全流程
[16:00:52] --- 完成度检查第 1 次 ---
[16:00:52] 完成度检查通过，3个目标均已完成
[16:00:52] 脚本执行完成
